<?xml version="1.0" encoding="UTF-8"?>
<testsuite xmlns:xsi="http://www.w3.org/2001/XMLSchema-instance" xsi:noNamespaceSchemaLocation="https://maven.apache.org/surefire/maven-surefire-plugin/xsd/surefire-test-report-3.0.xsd" version="3.0" name="org.bolu.test.WebScrapperMethodTest" time="28.639" tests="8" errors="0" skipped="0" failures="0">
  <properties>
    <property name="java.specification.version" value="21"/>
    <property name="sun.jnu.encoding" value="UTF-8"/>
    <property name="java.class.path" value="/Users/user/Desktop/AdvancedWeb/Java-Price-Comparison/WebScrapping/target/test-classes:/Users/user/Desktop/AdvancedWeb/Java-Price-Comparison/WebScrapping/target/classes:/Users/user/.m2/repository/org/seleniumhq/selenium/selenium-java/3.14.0/selenium-java-3.14.0.jar:/Users/user/.m2/repository/org/seleniumhq/selenium/selenium-api/3.14.0/selenium-api-3.14.0.jar:/Users/user/.m2/repository/org/seleniumhq/selenium/selenium-chrome-driver/3.14.0/selenium-chrome-driver-3.14.0.jar:/Users/user/.m2/repository/org/seleniumhq/selenium/selenium-edge-driver/3.14.0/selenium-edge-driver-3.14.0.jar:/Users/user/.m2/repository/org/seleniumhq/selenium/selenium-firefox-driver/3.14.0/selenium-firefox-driver-3.14.0.jar:/Users/user/.m2/repository/org/seleniumhq/selenium/selenium-ie-driver/3.14.0/selenium-ie-driver-3.14.0.jar:/Users/user/.m2/repository/org/seleniumhq/selenium/selenium-opera-driver/3.14.0/selenium-opera-driver-3.14.0.jar:/Users/user/.m2/repository/org/seleniumhq/selenium/selenium-remote-driver/3.14.0/selenium-remote-driver-3.14.0.jar:/Users/user/.m2/repository/org/seleniumhq/selenium/selenium-safari-driver/3.14.0/selenium-safari-driver-3.14.0.jar:/Users/user/.m2/repository/org/seleniumhq/selenium/selenium-support/3.14.0/selenium-support-3.14.0.jar:/Users/user/.m2/repository/net/bytebuddy/byte-buddy/1.8.15/byte-buddy-1.8.15.jar:/Users/user/.m2/repository/org/apache/commons/commons-exec/1.3/commons-exec-1.3.jar:/Users/user/.m2/repository/commons-codec/commons-codec/1.10/commons-codec-1.10.jar:/Users/user/.m2/repository/commons-logging/commons-logging/1.2/commons-logging-1.2.jar:/Users/user/.m2/repository/com/google/guava/guava/25.0-jre/guava-25.0-jre.jar:/Users/user/.m2/repository/com/google/code/findbugs/jsr305/1.3.9/jsr305-1.3.9.jar:/Users/user/.m2/repository/org/checkerframework/checker-compat-qual/2.0.0/checker-compat-qual-2.0.0.jar:/Users/user/.m2/repository/com/google/errorprone/error_prone_annotations/2.1.3/error_prone_annotations-2.1.3.jar:/Users/user/.m2/repository/com/google/j2objc/j2objc-annotations/1.1/j2objc-annotations-1.1.jar:/Users/user/.m2/repository/org/codehaus/mojo/animal-sniffer-annotations/1.14/animal-sniffer-annotations-1.14.jar:/Users/user/.m2/repository/org/apache/httpcomponents/httpclient/4.5.5/httpclient-4.5.5.jar:/Users/user/.m2/repository/org/apache/httpcomponents/httpcore/4.4.9/httpcore-4.4.9.jar:/Users/user/.m2/repository/com/squareup/okhttp3/okhttp/3.10.0/okhttp-3.10.0.jar:/Users/user/.m2/repository/com/squareup/okio/okio/1.14.1/okio-1.14.1.jar:/Users/user/.m2/repository/org/jsoup/jsoup/1.12.1/jsoup-1.12.1.jar:/Users/user/.m2/repository/org/springframework/spring-context/5.3.0/spring-context-5.3.0.jar:/Users/user/.m2/repository/org/springframework/spring-aop/5.3.0/spring-aop-5.3.0.jar:/Users/user/.m2/repository/org/springframework/spring-beans/5.3.0/spring-beans-5.3.0.jar:/Users/user/.m2/repository/org/springframework/spring-core/5.3.0/spring-core-5.3.0.jar:/Users/user/.m2/repository/org/springframework/spring-jcl/5.3.0/spring-jcl-5.3.0.jar:/Users/user/.m2/repository/org/springframework/spring-expression/5.3.0/spring-expression-5.3.0.jar:/Users/user/.m2/repository/org/hibernate/hibernate-core/5.6.1.Final/hibernate-core-5.6.1.Final.jar:/Users/user/.m2/repository/org/jboss/logging/jboss-logging/3.4.2.Final/jboss-logging-3.4.2.Final.jar:/Users/user/.m2/repository/javax/persistence/javax.persistence-api/2.2/javax.persistence-api-2.2.jar:/Users/user/.m2/repository/antlr/antlr/2.7.7/antlr-2.7.7.jar:/Users/user/.m2/repository/org/jboss/spec/javax/transaction/jboss-transaction-api_1.2_spec/1.1.1.Final/jboss-transaction-api_1.2_spec-1.1.1.Final.jar:/Users/user/.m2/repository/org/jboss/jandex/2.2.3.Final/jandex-2.2.3.Final.jar:/Users/user/.m2/repository/com/fasterxml/classmate/1.5.1/classmate-1.5.1.jar:/Users/user/.m2/repository/javax/activation/javax.activation-api/1.2.0/javax.activation-api-1.2.0.jar:/Users/user/.m2/repository/org/hibernate/common/hibernate-commons-annotations/5.1.2.Final/hibernate-commons-annotations-5.1.2.Final.jar:/Users/user/.m2/repository/javax/xml/bind/jaxb-api/2.3.1/jaxb-api-2.3.1.jar:/Users/user/.m2/repository/org/glassfish/jaxb/jaxb-runtime/2.3.1/jaxb-runtime-2.3.1.jar:/Users/user/.m2/repository/org/glassfish/jaxb/txw2/2.3.1/txw2-2.3.1.jar:/Users/user/.m2/repository/com/sun/istack/istack-commons-runtime/3.0.7/istack-commons-runtime-3.0.7.jar:/Users/user/.m2/repository/org/jvnet/staxex/stax-ex/1.8/stax-ex-1.8.jar:/Users/user/.m2/repository/com/sun/xml/fastinfoset/FastInfoset/1.2.15/FastInfoset-1.2.15.jar:/Users/user/.m2/repository/mysql/mysql-connector-java/8.0.12/mysql-connector-java-8.0.12.jar:/Users/user/.m2/repository/com/google/protobuf/protobuf-java/2.6.0/protobuf-java-2.6.0.jar:/Users/user/.m2/repository/org/junit/jupiter/junit-jupiter-api/5.10.1/junit-jupiter-api-5.10.1.jar:/Users/user/.m2/repository/org/opentest4j/opentest4j/1.3.0/opentest4j-1.3.0.jar:/Users/user/.m2/repository/org/junit/platform/junit-platform-commons/1.10.1/junit-platform-commons-1.10.1.jar:/Users/user/.m2/repository/org/apiguardian/apiguardian-api/1.1.2/apiguardian-api-1.1.2.jar:/Users/user/.m2/repository/org/junit/jupiter/junit-jupiter-engine/5.10.1/junit-jupiter-engine-5.10.1.jar:/Users/user/.m2/repository/org/junit/platform/junit-platform-engine/1.10.1/junit-platform-engine-1.10.1.jar:/Users/user/.m2/repository/org/mockito/mockito-core/2.23.4/mockito-core-2.23.4.jar:/Users/user/.m2/repository/net/bytebuddy/byte-buddy-agent/1.9.3/byte-buddy-agent-1.9.3.jar:/Users/user/.m2/repository/org/objenesis/objenesis/2.6/objenesis-2.6.jar:"/>
    <property name="java.vm.vendor" value="Homebrew"/>
    <property name="sun.arch.data.model" value="64"/>
    <property name="java.vendor.url" value="https://github.com/Homebrew/homebrew-core/issues"/>
    <property name="user.timezone" value="Europe/London"/>
    <property name="os.name" value="Mac OS X"/>
    <property name="java.vm.specification.version" value="21"/>
    <property name="sun.java.launcher" value="SUN_STANDARD"/>
    <property name="user.country" value="US"/>
    <property name="sun.boot.library.path" value="/usr/local/Cellar/openjdk/21.0.1/libexec/openjdk.jdk/Contents/Home/lib"/>
    <property name="sun.java.command" value="/Users/user/Desktop/AdvancedWeb/Java-Price-Comparison/WebScrapping/target/surefire/surefirebooter-20231213080533532_3.jar /Users/user/Desktop/AdvancedWeb/Java-Price-Comparison/WebScrapping/target/surefire 2023-12-13T08-05-33_354-jvmRun1 surefire-20231213080533532_1tmp surefire_0-20231213080533532_2tmp"/>
    <property name="http.nonProxyHosts" value="local|*.local|169.254/16|*.169.254/16"/>
    <property name="jdk.debug" value="release"/>
    <property name="surefire.test.class.path" value="/Users/user/Desktop/AdvancedWeb/Java-Price-Comparison/WebScrapping/target/test-classes:/Users/user/Desktop/AdvancedWeb/Java-Price-Comparison/WebScrapping/target/classes:/Users/user/.m2/repository/org/seleniumhq/selenium/selenium-java/3.14.0/selenium-java-3.14.0.jar:/Users/user/.m2/repository/org/seleniumhq/selenium/selenium-api/3.14.0/selenium-api-3.14.0.jar:/Users/user/.m2/repository/org/seleniumhq/selenium/selenium-chrome-driver/3.14.0/selenium-chrome-driver-3.14.0.jar:/Users/user/.m2/repository/org/seleniumhq/selenium/selenium-edge-driver/3.14.0/selenium-edge-driver-3.14.0.jar:/Users/user/.m2/repository/org/seleniumhq/selenium/selenium-firefox-driver/3.14.0/selenium-firefox-driver-3.14.0.jar:/Users/user/.m2/repository/org/seleniumhq/selenium/selenium-ie-driver/3.14.0/selenium-ie-driver-3.14.0.jar:/Users/user/.m2/repository/org/seleniumhq/selenium/selenium-opera-driver/3.14.0/selenium-opera-driver-3.14.0.jar:/Users/user/.m2/repository/org/seleniumhq/selenium/selenium-remote-driver/3.14.0/selenium-remote-driver-3.14.0.jar:/Users/user/.m2/repository/org/seleniumhq/selenium/selenium-safari-driver/3.14.0/selenium-safari-driver-3.14.0.jar:/Users/user/.m2/repository/org/seleniumhq/selenium/selenium-support/3.14.0/selenium-support-3.14.0.jar:/Users/user/.m2/repository/net/bytebuddy/byte-buddy/1.8.15/byte-buddy-1.8.15.jar:/Users/user/.m2/repository/org/apache/commons/commons-exec/1.3/commons-exec-1.3.jar:/Users/user/.m2/repository/commons-codec/commons-codec/1.10/commons-codec-1.10.jar:/Users/user/.m2/repository/commons-logging/commons-logging/1.2/commons-logging-1.2.jar:/Users/user/.m2/repository/com/google/guava/guava/25.0-jre/guava-25.0-jre.jar:/Users/user/.m2/repository/com/google/code/findbugs/jsr305/1.3.9/jsr305-1.3.9.jar:/Users/user/.m2/repository/org/checkerframework/checker-compat-qual/2.0.0/checker-compat-qual-2.0.0.jar:/Users/user/.m2/repository/com/google/errorprone/error_prone_annotations/2.1.3/error_prone_annotations-2.1.3.jar:/Users/user/.m2/repository/com/google/j2objc/j2objc-annotations/1.1/j2objc-annotations-1.1.jar:/Users/user/.m2/repository/org/codehaus/mojo/animal-sniffer-annotations/1.14/animal-sniffer-annotations-1.14.jar:/Users/user/.m2/repository/org/apache/httpcomponents/httpclient/4.5.5/httpclient-4.5.5.jar:/Users/user/.m2/repository/org/apache/httpcomponents/httpcore/4.4.9/httpcore-4.4.9.jar:/Users/user/.m2/repository/com/squareup/okhttp3/okhttp/3.10.0/okhttp-3.10.0.jar:/Users/user/.m2/repository/com/squareup/okio/okio/1.14.1/okio-1.14.1.jar:/Users/user/.m2/repository/org/jsoup/jsoup/1.12.1/jsoup-1.12.1.jar:/Users/user/.m2/repository/org/springframework/spring-context/5.3.0/spring-context-5.3.0.jar:/Users/user/.m2/repository/org/springframework/spring-aop/5.3.0/spring-aop-5.3.0.jar:/Users/user/.m2/repository/org/springframework/spring-beans/5.3.0/spring-beans-5.3.0.jar:/Users/user/.m2/repository/org/springframework/spring-core/5.3.0/spring-core-5.3.0.jar:/Users/user/.m2/repository/org/springframework/spring-jcl/5.3.0/spring-jcl-5.3.0.jar:/Users/user/.m2/repository/org/springframework/spring-expression/5.3.0/spring-expression-5.3.0.jar:/Users/user/.m2/repository/org/hibernate/hibernate-core/5.6.1.Final/hibernate-core-5.6.1.Final.jar:/Users/user/.m2/repository/org/jboss/logging/jboss-logging/3.4.2.Final/jboss-logging-3.4.2.Final.jar:/Users/user/.m2/repository/javax/persistence/javax.persistence-api/2.2/javax.persistence-api-2.2.jar:/Users/user/.m2/repository/antlr/antlr/2.7.7/antlr-2.7.7.jar:/Users/user/.m2/repository/org/jboss/spec/javax/transaction/jboss-transaction-api_1.2_spec/1.1.1.Final/jboss-transaction-api_1.2_spec-1.1.1.Final.jar:/Users/user/.m2/repository/org/jboss/jandex/2.2.3.Final/jandex-2.2.3.Final.jar:/Users/user/.m2/repository/com/fasterxml/classmate/1.5.1/classmate-1.5.1.jar:/Users/user/.m2/repository/javax/activation/javax.activation-api/1.2.0/javax.activation-api-1.2.0.jar:/Users/user/.m2/repository/org/hibernate/common/hibernate-commons-annotations/5.1.2.Final/hibernate-commons-annotations-5.1.2.Final.jar:/Users/user/.m2/repository/javax/xml/bind/jaxb-api/2.3.1/jaxb-api-2.3.1.jar:/Users/user/.m2/repository/org/glassfish/jaxb/jaxb-runtime/2.3.1/jaxb-runtime-2.3.1.jar:/Users/user/.m2/repository/org/glassfish/jaxb/txw2/2.3.1/txw2-2.3.1.jar:/Users/user/.m2/repository/com/sun/istack/istack-commons-runtime/3.0.7/istack-commons-runtime-3.0.7.jar:/Users/user/.m2/repository/org/jvnet/staxex/stax-ex/1.8/stax-ex-1.8.jar:/Users/user/.m2/repository/com/sun/xml/fastinfoset/FastInfoset/1.2.15/FastInfoset-1.2.15.jar:/Users/user/.m2/repository/mysql/mysql-connector-java/8.0.12/mysql-connector-java-8.0.12.jar:/Users/user/.m2/repository/com/google/protobuf/protobuf-java/2.6.0/protobuf-java-2.6.0.jar:/Users/user/.m2/repository/org/junit/jupiter/junit-jupiter-api/5.10.1/junit-jupiter-api-5.10.1.jar:/Users/user/.m2/repository/org/opentest4j/opentest4j/1.3.0/opentest4j-1.3.0.jar:/Users/user/.m2/repository/org/junit/platform/junit-platform-commons/1.10.1/junit-platform-commons-1.10.1.jar:/Users/user/.m2/repository/org/apiguardian/apiguardian-api/1.1.2/apiguardian-api-1.1.2.jar:/Users/user/.m2/repository/org/junit/jupiter/junit-jupiter-engine/5.10.1/junit-jupiter-engine-5.10.1.jar:/Users/user/.m2/repository/org/junit/platform/junit-platform-engine/1.10.1/junit-platform-engine-1.10.1.jar:/Users/user/.m2/repository/org/mockito/mockito-core/2.23.4/mockito-core-2.23.4.jar:/Users/user/.m2/repository/net/bytebuddy/byte-buddy-agent/1.9.3/byte-buddy-agent-1.9.3.jar:/Users/user/.m2/repository/org/objenesis/objenesis/2.6/objenesis-2.6.jar:"/>
    <property name="sun.cpu.endian" value="little"/>
    <property name="user.home" value="/Users/user"/>
    <property name="user.language" value="en"/>
    <property name="java.specification.vendor" value="Oracle Corporation"/>
    <property name="java.version.date" value="2023-10-17"/>
    <property name="java.home" value="/usr/local/Cellar/openjdk/21.0.1/libexec/openjdk.jdk/Contents/Home"/>
    <property name="file.separator" value="/"/>
    <property name="basedir" value="/Users/user/Desktop/AdvancedWeb/Java-Price-Comparison/WebScrapping"/>
    <property name="java.vm.compressedOopsMode" value="Zero based"/>
    <property name="line.separator" value="&#10;"/>
    <property name="java.vm.specification.vendor" value="Oracle Corporation"/>
    <property name="java.specification.name" value="Java Platform API Specification"/>
    <property name="apple.awt.application.name" value="ForkedBooter"/>
    <property name="surefire.real.class.path" value="/Users/user/Desktop/AdvancedWeb/Java-Price-Comparison/WebScrapping/target/surefire/surefirebooter-20231213080533532_3.jar"/>
    <property name="sun.management.compiler" value="HotSpot 64-Bit Tiered Compilers"/>
    <property name="ftp.nonProxyHosts" value="local|*.local|169.254/16|*.169.254/16"/>
    <property name="java.runtime.version" value="21.0.1"/>
    <property name="user.name" value="user"/>
    <property name="stdout.encoding" value="UTF-8"/>
    <property name="path.separator" value=":"/>
    <property name="os.version" value="12.6.8"/>
    <property name="java.runtime.name" value="OpenJDK Runtime Environment"/>
    <property name="file.encoding" value="UTF-8"/>
    <property name="java.vm.name" value="OpenJDK 64-Bit Server VM"/>
    <property name="java.vendor.version" value="Homebrew"/>
    <property name="localRepository" value="/Users/user/.m2/repository"/>
    <property name="java.vendor.url.bug" value="https://github.com/Homebrew/homebrew-core/issues"/>
    <property name="java.io.tmpdir" value="/var/folders/qt/51d6hy5x3j1g3v9973n9t29m0000gn/T/"/>
    <property name="java.version" value="21.0.1"/>
    <property name="user.dir" value="/Users/user/Desktop/AdvancedWeb/Java-Price-Comparison/WebScrapping"/>
    <property name="os.arch" value="x86_64"/>
    <property name="java.vm.specification.name" value="Java Virtual Machine Specification"/>
    <property name="native.encoding" value="UTF-8"/>
    <property name="java.library.path" value="/Users/user/Library/Java/Extensions:/Library/Java/Extensions:/Network/Library/Java/Extensions:/System/Library/Java/Extensions:/usr/lib/java:."/>
    <property name="java.vm.info" value="mixed mode, sharing"/>
    <property name="stderr.encoding" value="UTF-8"/>
    <property name="java.vendor" value="Homebrew"/>
    <property name="java.vm.version" value="21.0.1"/>
    <property name="sun.io.unicode.encoding" value="UnicodeBig"/>
    <property name="socksNonProxyHosts" value="local|*.local|169.254/16|*.169.254/16"/>
    <property name="java.class.version" value="65.0"/>
  </properties>
  <testcase name="testParseBrand" classname="org.bolu.test.WebScrapperMethodTest" time="4.415">
    <system-err><![CDATA[Starting ChromeDriver 119.0.6045.159 (eaa767197fa7dd412133d1b84f7eb60da43409c9-refs/branch-heads/6045@{#1327}) on port 12891
Only local connections are allowed.
Please see https://chromedriver.chromium.org/security-considerations for suggestions on keeping ChromeDriver safe.
ChromeDriver was started successfully.
[1702454741.447][WARNING]: This version of ChromeDriver has not been tested with Chrome version 120.
Dec 13, 2023 8:05:42 AM org.openqa.selenium.remote.ProtocolHandshake createSession
INFO: Detected dialect: W3C
]]></system-err>
  </testcase>
  <testcase name="testParseColor" classname="org.bolu.test.WebScrapperMethodTest" time="4.628">
    <system-err><![CDATA[Starting ChromeDriver 119.0.6045.159 (eaa767197fa7dd412133d1b84f7eb60da43409c9-refs/branch-heads/6045@{#1327}) on port 32425
Only local connections are allowed.
Please see https://chromedriver.chromium.org/security-considerations for suggestions on keeping ChromeDriver safe.
ChromeDriver was started successfully.
[1702454746.565][WARNING]: This version of ChromeDriver has not been tested with Chrome version 120.
Dec 13, 2023 8:05:46 AM org.openqa.selenium.remote.ProtocolHandshake createSession
INFO: Detected dialect: W3C
]]></system-err>
  </testcase>
  <testcase name="testParseModel" classname="org.bolu.test.WebScrapperMethodTest" time="4.749">
    <system-err><![CDATA[Starting ChromeDriver 119.0.6045.159 (eaa767197fa7dd412133d1b84f7eb60da43409c9-refs/branch-heads/6045@{#1327}) on port 26173
Only local connections are allowed.
Please see https://chromedriver.chromium.org/security-considerations for suggestions on keeping ChromeDriver safe.
ChromeDriver was started successfully.
[1702454751.388][WARNING]: This version of ChromeDriver has not been tested with Chrome version 120.
Dec 13, 2023 8:05:51 AM org.openqa.selenium.remote.ProtocolHandshake createSession
INFO: Detected dialect: W3C
]]></system-err>
  </testcase>
  <testcase name="testParseYear" classname="org.bolu.test.WebScrapperMethodTest" time="3.951">
    <system-err><![CDATA[Starting ChromeDriver 119.0.6045.159 (eaa767197fa7dd412133d1b84f7eb60da43409c9-refs/branch-heads/6045@{#1327}) on port 17886
Only local connections are allowed.
Please see https://chromedriver.chromium.org/security-considerations for suggestions on keeping ChromeDriver safe.
ChromeDriver was started successfully.
[1702454755.351][WARNING]: This version of ChromeDriver has not been tested with Chrome version 120.
Dec 13, 2023 8:05:55 AM org.openqa.selenium.remote.ProtocolHandshake createSession
INFO: Detected dialect: W3C
]]></system-err>
  </testcase>
  <testcase name="testParseProcessor" classname="org.bolu.test.WebScrapperMethodTest" time="3.201">
    <system-err><![CDATA[Starting ChromeDriver 119.0.6045.159 (eaa767197fa7dd412133d1b84f7eb60da43409c9-refs/branch-heads/6045@{#1327}) on port 39568
Only local connections are allowed.
Please see https://chromedriver.chromium.org/security-considerations for suggestions on keeping ChromeDriver safe.
ChromeDriver was started successfully.
[1702454758.759][WARNING]: This version of ChromeDriver has not been tested with Chrome version 120.
Dec 13, 2023 8:05:58 AM org.openqa.selenium.remote.ProtocolHandshake createSession
INFO: Detected dialect: W3C
]]></system-err>
  </testcase>
  <testcase name="testExtractRam" classname="org.bolu.test.WebScrapperMethodTest" time="2.737">
    <system-err><![CDATA[Starting ChromeDriver 119.0.6045.159 (eaa767197fa7dd412133d1b84f7eb60da43409c9-refs/branch-heads/6045@{#1327}) on port 42150
Only local connections are allowed.
Please see https://chromedriver.chromium.org/security-considerations for suggestions on keeping ChromeDriver safe.
ChromeDriver was started successfully.
[1702454761.487][WARNING]: This version of ChromeDriver has not been tested with Chrome version 120.
Dec 13, 2023 8:06:01 AM org.openqa.selenium.remote.ProtocolHandshake createSession
INFO: Detected dialect: W3C
]]></system-err>
  </testcase>
  <testcase name="testParseOperatingSystem" classname="org.bolu.test.WebScrapperMethodTest" time="2.692">
    <system-err><![CDATA[Starting ChromeDriver 119.0.6045.159 (eaa767197fa7dd412133d1b84f7eb60da43409c9-refs/branch-heads/6045@{#1327}) on port 37157
Only local connections are allowed.
Please see https://chromedriver.chromium.org/security-considerations for suggestions on keeping ChromeDriver safe.
ChromeDriver was started successfully.
[1702454764.052][WARNING]: This version of ChromeDriver has not been tested with Chrome version 120.
Dec 13, 2023 8:06:04 AM org.openqa.selenium.remote.ProtocolHandshake createSession
INFO: Detected dialect: W3C
]]></system-err>
  </testcase>
  <testcase name="testExtractStorage" classname="org.bolu.test.WebScrapperMethodTest" time="2.243">
    <system-err><![CDATA[Starting ChromeDriver 119.0.6045.159 (eaa767197fa7dd412133d1b84f7eb60da43409c9-refs/branch-heads/6045@{#1327}) on port 30440
Only local connections are allowed.
Please see https://chromedriver.chromium.org/security-considerations for suggestions on keeping ChromeDriver safe.
ChromeDriver was started successfully.
[1702454766.385][WARNING]: This version of ChromeDriver has not been tested with Chrome version 120.
Dec 13, 2023 8:06:06 AM org.openqa.selenium.remote.ProtocolHandshake createSession
INFO: Detected dialect: W3C
]]></system-err>
  </testcase>
</testsuite>